H:\github\recognitionCursive\recognitionCursive\recognitionCursive\Debug\recognitionCursive.formMain.resources
H:\GITHUB\RECOGNITIONCURSIVE\RECOGNITIONCURSIVE\RECOGNITIONCURSIVE\DEBUG\.NETFRAMEWORK,VERSION=V4.5.ASSEMBLYATTRIBUTES.OBJ
H:\GITHUB\RECOGNITIONCURSIVE\RECOGNITIONCURSIVE\RECOGNITIONCURSIVE\DEBUG\VC110.PDB
H:\GITHUB\RECOGNITIONCURSIVE\RECOGNITIONCURSIVE\RECOGNITIONCURSIVE\DEBUG\FORMMAIN.OBJ
H:\GITHUB\RECOGNITIONCURSIVE\RECOGNITIONCURSIVE\RECOGNITIONCURSIVE\DEBUG\OPERATIONFROMWORDS.OBJ
H:\GITHUB\RECOGNITIONCURSIVE\RECOGNITIONCURSIVE\DEBUG\RECOGNITIONCURSIVE.ILK
H:\GITHUB\RECOGNITIONCURSIVE\RECOGNITIONCURSIVE\DEBUG\RECOGNITIONCURSIVE.EXE
H:\GITHUB\RECOGNITIONCURSIVE\RECOGNITIONCURSIVE\DEBUG\RECOGNITIONCURSIVE.PDB
H:\github\recognitionCursive\recognitionCursive\recognitionCursive\Debug\recognitionCursive.vcxproj.GenerateResource.Cache
H:\github\recognitionCursive\recognitionCursive\recognitionCursive\Debug\formMain.obj
H:\github\recognitionCursive\recognitionCursive\recognitionCursive\Debug\OperationFromWords.obj
H:\github\recognitionCursive\recognitionCursive\recognitionCursive\Debug\.NETFramework,Version=v4.5.AssemblyAttributes.obj
H:\github\recognitionCursive\recognitionCursive\recognitionCursive\Debug\link.660-cvtres.write.1.tlog
H:\github\recognitionCursive\recognitionCursive\recognitionCursive\Debug\link.3976.read.1.tlog
H:\github\recognitionCursive\recognitionCursive\recognitionCursive\Debug\link.command.1.tlog
H:\github\recognitionCursive\recognitionCursive\recognitionCursive\Debug\link.660.write.1.tlog
H:\github\recognitionCursive\recognitionCursive\recognitionCursive\Debug\link.1564-cvtres.read.1.tlog
H:\github\recognitionCursive\recognitionCursive\recognitionCursive\Debug\link.3976-rc.read.1.tlog
H:\github\recognitionCursive\recognitionCursive\recognitionCursive\Debug\recognitionCursive.write.1.tlog
H:\github\recognitionCursive\recognitionCursive\recognitionCursive\Debug\link.660-rc.read.1.tlog
H:\github\recognitionCursive\recognitionCursive\recognitionCursive\Debug\link.3976-cvtres.read.1.tlog
H:\github\recognitionCursive\recognitionCursive\recognitionCursive\Debug\metagen.read.1.tlog
H:\github\recognitionCursive\recognitionCursive\recognitionCursive\Debug\link.3976-cvtres.write.1.tlog
H:\github\recognitionCursive\recognitionCursive\recognitionCursive\Debug\link.660.read.1.tlog
H:\github\recognitionCursive\recognitionCursive\recognitionCursive\Debug\link.660-rc.write.1.tlog
H:\github\recognitionCursive\recognitionCursive\recognitionCursive\Debug\CL.write.1.tlog
H:\github\recognitionCursive\recognitionCursive\recognitionCursive\Debug\link.1564-cvtres.write.1.tlog
H:\github\recognitionCursive\recognitionCursive\recognitionCursive\Debug\link.1564-rc.write.1.tlog
H:\github\recognitionCursive\recognitionCursive\recognitionCursive\Debug\link.1564-rc.read.1.tlog
H:\github\recognitionCursive\recognitionCursive\recognitionCursive\Debug\metagen.write.1.tlog
H:\github\recognitionCursive\recognitionCursive\recognitionCursive\Debug\link.write.1.tlog
H:\github\recognitionCursive\recognitionCursive\recognitionCursive\Debug\link.read.1.tlog
H:\github\recognitionCursive\recognitionCursive\recognitionCursive\Debug\link.3976-rc.write.1.tlog
H:\github\recognitionCursive\recognitionCursive\recognitionCursive\Debug\link.1564.write.1.tlog
H:\github\recognitionCursive\recognitionCursive\recognitionCursive\Debug\link.3976.write.1.tlog
H:\github\recognitionCursive\recognitionCursive\recognitionCursive\Debug\link.1564.read.1.tlog
H:\github\recognitionCursive\recognitionCursive\recognitionCursive\Debug\link.660-cvtres.read.1.tlog
H:\github\recognitionCursive\recognitionCursive\recognitionCursive\Debug\CL.read.1.tlog
H:\github\recognitionCursive\recognitionCursive\recognitionCursive\Debug\cl.command.1.tlog
H:\github\recognitionCursive\recognitionCursive\recognitionCursive\Debug\vc110.pdb
H:\github\recognitionCursive\recognitionCursive\recognitionCursive\Debug\TZRES.DLL.bi
H:\github\recognitionCursive\recognitionCursive\Debug\recognitionCursive.pdb
H:\github\recognitionCursive\recognitionCursive\Debug\recognitionCursive.exe
H:\github\recognitionCursive\recognitionCursive\Debug\recognitionCursive.ilk
