Построение начато 17.05.2016 21:55:05.
     1>Проект "E:\github\recognitionCursive\recognitionCursive\recognitionCursive\recognitionCursive.vcxproj" в узле 2 (целевые объекты Rebuild).
     1>ClCompile:
         C:\Program Files\Microsoft Visual Studio 11.0\VC\bin\CL.exe /c /AI"C:\Program Files\Reference Assemblies\Microsoft\Framework\.NETFramework\v4.5\\" /AI"C:\Program Files\Windows Kits\8.0\References\CommonConfiguration\Neutral" /AI"C:\Program Files\Reference Assemblies\Microsoft\Framework\.NETFramework\v4.5\Facades\\" /Zi /clr /nologo /W3 /WX- /Od /Oy- /D WIN32 /D _DEBUG /D _UNICODE /D UNICODE /EHa /MDd /GS /fp:precise /Zc:wchar_t /Zc:forScope /Fo"Debug\\" /Fd"Debug\vc110.pdb" /TP /FU"C:\Program Files\Reference Assemblies\Microsoft\Framework\.NETFramework\v4.5\mscorlib.dll" /FU"C:\Program Files\Reference Assemblies\Microsoft\Framework\.NETFramework\v4.5\System.Data.dll" /FU"C:\Program Files\Reference Assemblies\Microsoft\Framework\.NETFramework\v4.5\System.dll" /FU"C:\Program Files\Reference Assemblies\Microsoft\Framework\.NETFramework\v4.5\System.Drawing.dll" /FU"C:\Program Files\Reference Assemblies\Microsoft\Framework\.NETFramework\v4.5\System.Windows.Forms.dll" /FU"C:\Program Files\Reference Assemblies\Microsoft\Framework\.NETFramework\v4.5\System.Xml.dll" /analyze- /errorReport:prompt /clr:nostdlib formMain.cpp NeuralNetwork.cpp Neuron.cpp OperationFromWords.cpp RecognitionWord.cpp
         formMain.cpp
     1>e:\github\recognitioncursive\recognitioncursive\recognitioncursive\formMain.h(26): warning C4677: m_RecognitionWord: сигнатура члена, не являющегося частным, содержит частный тип сборки "RecognitionWord"
                 e:\github\recognitioncursive\recognitioncursive\recognitioncursive\RecognitionWord.h(39): см. объявление "RecognitionWord"
     1>formMain.cpp(9): warning C4829: Возможно, неправильные параметры функции main. Рекомендуемый вариант - "int main(Platform::Array<Platform::String^>^ argv)"
         NeuralNetwork.cpp
         Neuron.cpp
         OperationFromWords.cpp
     1>e:\github\recognitioncursive\recognitioncursive\recognitioncursive\formMain.h(26): warning C4677: m_RecognitionWord: сигнатура члена, не являющегося частным, содержит частный тип сборки "RecognitionWord"
                 e:\github\recognitioncursive\recognitioncursive\recognitioncursive\RecognitionWord.h(39): см. объявление "RecognitionWord"
         RecognitionWord.cpp
     1>RecognitionWord.cpp(23): warning C4101: red: неиспользованная локальная переменная
     1>RecognitionWord.cpp(23): warning C4101: green: неиспользованная локальная переменная
     1>RecognitionWord.cpp(357): warning C4101: f_iSumPreCols: неиспользованная локальная переменная
         Создание кода...
     1>e:\github\recognitioncursive\recognitioncursive\recognitioncursive\recognitionword.cpp(231): warning C4700: использована неинициализированная локальная переменная "f_iSumPrevRows"
     1>e:\github\recognitioncursive\recognitioncursive\recognitioncursive\recognitionword.cpp(251): warning C4700: использована неинициализированная локальная переменная "f_iSumPreCols"
         C:\Program Files\Microsoft Visual Studio 11.0\VC\bin\CL.exe /c /Zi /clr /nologo /W3 /WX- /Od /Oy- /D WIN32 /D _DEBUG /D _UNICODE /D UNICODE /EHa /MDd /GS /fp:precise /Zc:wchar_t /Zc:forScope /Fo"Debug\\" /Fd"Debug\vc110.pdb" /TP /analyze- /errorReport:prompt "C:\Users\Havrysyuk\AppData\Local\Temp\.NETFramework,Version=v4.5.AssemblyAttributes.cpp"
         .NETFramework,Version=v4.5.AssemblyAttributes.cpp
       ResourceCompile:
         C:\Program Files\Windows Kits\8.0\bin\x86\rc.exe /D _UNICODE /D UNICODE /l"0x0409" /nologo /fo"Debug\recognitionCursive.res" recognitionCursive.rc 
       Link:
         C:\Program Files\Microsoft Visual Studio 11.0\VC\bin\link.exe /ERRORREPORT:PROMPT /OUT:"E:\github\recognitionCursive\recognitionCursive\Debug\recognitionCursive.exe" /INCREMENTAL /NOLOGO /ASSEMBLYRESOURCE:Debug\recognitionCursive.formMain.resources /MANIFEST /MANIFESTUAC:"level='asInvoker' uiAccess='false'" /manifest:embed /DEBUG /PDB:"E:\github\recognitionCursive\recognitionCursive\Debug\recognitionCursive.pdb" /ASSEMBLYDEBUG /SUBSYSTEM:WINDOWS /TLBID:1 /ENTRY:"main" /DYNAMICBASE /FIXED:NO /NXCOMPAT /MACHINE:X86 Debug\recognitionCursive.res
         Debug\formMain.obj
         Debug\NeuralNetwork.obj
         Debug\Neuron.obj
         Debug\OperationFromWords.obj
         Debug\RecognitionWord.obj
         "Debug\.NETFramework,Version=v4.5.AssemblyAttributes.obj"
         recognitionCursive.vcxproj -> E:\github\recognitionCursive\recognitionCursive\Debug\recognitionCursive.exe
     1>Построение проекта "E:\github\recognitionCursive\recognitionCursive\recognitionCursive\recognitionCursive.vcxproj" завершено (целевые объекты Rebuild).

Построение успешно завершено.

Затраченное время: 00:00:14.18
